
**** Build of configuration Debug for project Interrupts_Keypad ****

"C:\\ti\\ccs1200\\ccs\\utils\\bin\\gmake" -k -j 16 all -O 
 
Building file: "../keypad.c"
Invoking: MSP430 Compiler
"C:/ti/ccs1200/ccs/tools/compiler/ti-cgt-msp430_21.6.0.LTS/bin/cl430" -vmspx --data_model=restricted --use_hw_mpy=F5 --include_path="C:/ti/ccs1200/ccs/ccs_base/msp430/include" --include_path="C:/Users/danie/workspace_Micro2/Interrupts_Keypad" --include_path="C:/ti/ccs1200/ccs/tools/compiler/ti-cgt-msp430_21.6.0.LTS/include" --advice:power=all --define=__MSP430F5438__ -g --printf_support=minimal --diag_warning=225 --diag_wrap=off --display_error_number --silicon_errata=CPU15 --silicon_errata=CPU18 --silicon_errata=CPU21 --silicon_errata=CPU22 --silicon_errata=CPU23 --silicon_errata=CPU40 --preproc_with_compile --preproc_dependency="keypad.d_raw"  "../keypad.c"
"../keypad.c", line 24: warning #176-D: expression has no effect
"../keypad.c", line 28: warning #225-D: function "strlen" declared implicitly
"../keypad.c", line 24: remark #1544-D: (ULP 13.1) Detected loop counting up. Recommend loops count down as detecting zeros is easier
"../keypad.c", line 24: remark #1530-D: (ULP 5.1) Detected divide operation(s). Recommend moving them to RAM during run time or not using as these are processing/power intensive
"../keypad.c", line 28: remark #1545-D: (ULP 14.1) Array index of type "int". Recommend using "unsigned int"
"../keypad.c", line 28: remark #1530-D: (ULP 5.1) Detected modulo operation(s). Recommend moving them to RAM during run time or not using as these are processing/power intensive
"../keypad.c", line 38: remark #1527-D: (ULP 2.1) Detected SW delay loop using empty loop. Recommend using a timer module instead
"../keypad.c", line 40: remark #1527-D: (ULP 2.1) Detected SW delay loop using empty loop. Recommend using a timer module instead
"../keypad.c", line 145: warning #225-D: function "strlen" declared implicitly
"../keypad.c", line 145: remark #1544-D: (ULP 13.1) Detected loop counting up. Recommend loops count down as detecting zeros is easier
"../keypad.c", line 178: remark #1538-D: (ULP 10.1) ISR Port_1 calls function setdata. Recommend moving function call away from ISR, or inlining the function, or using pragmas
"../keypad.c", line 182: remark #1538-D: (ULP 10.1) ISR Port_1 calls function setdata. Recommend moving function call away from ISR, or inlining the function, or using pragmas
"../keypad.c", line 186: remark #1538-D: (ULP 10.1) ISR Port_1 calls function setdata. Recommend moving function call away from ISR, or inlining the function, or using pragmas
"../keypad.c", line 190: remark #1538-D: (ULP 10.1) ISR Port_1 calls function setcmd. Recommend moving function call away from ISR, or inlining the function, or using pragmas
"../keypad.c", line 198: remark #1538-D: (ULP 10.1) ISR Port_1 calls function setdata. Recommend moving function call away from ISR, or inlining the function, or using pragmas
"../keypad.c", line 202: remark #1538-D: (ULP 10.1) ISR Port_1 calls function setdata. Recommend moving function call away from ISR, or inlining the function, or using pragmas
"../keypad.c", line 206: remark #1538-D: (ULP 10.1) ISR Port_1 calls function setdata. Recommend moving function call away from ISR, or inlining the function, or using pragmas
"../keypad.c", line 210: remark #1538-D: (ULP 10.1) ISR Port_1 calls function setdata. Recommend moving function call away from ISR, or inlining the function, or using pragmas
"../keypad.c", line 218: remark #1538-D: (ULP 10.1) ISR Port_1 calls function setdata. Recommend moving function call away from ISR, or inlining the function, or using pragmas
"../keypad.c", line 222: remark #1538-D: (ULP 10.1) ISR Port_1 calls function setdata. Recommend moving function call away from ISR, or inlining the function, or using pragmas
"../keypad.c", line 226: remark #1538-D: (ULP 10.1) ISR Port_1 calls function setdata. Recommend moving function call away from ISR, or inlining the function, or using pragmas
Finished building: "../keypad.c"
 
Building target: "Interrupts_Keypad.out"
Invoking: MSP430 Linker
"C:/ti/ccs1200/ccs/tools/compiler/ti-cgt-msp430_21.6.0.LTS/bin/cl430" -vmspx --data_model=restricted --use_hw_mpy=F5 --advice:power=all --define=__MSP430F5438__ -g --printf_support=minimal --diag_warning=225 --diag_wrap=off --display_error_number --silicon_errata=CPU15 --silicon_errata=CPU18 --silicon_errata=CPU21 --silicon_errata=CPU22 --silicon_errata=CPU23 --silicon_errata=CPU40 -z -m"Interrupts_Keypad.map" --heap_size=160 --stack_size=160 --cinit_hold_wdt=on -i"C:/ti/ccs1200/ccs/ccs_base/msp430/include" -i"C:/ti/ccs1200/ccs/ccs_base/msp430/lib/5xx_6xx_FRxx" -i"C:/ti/ccs1200/ccs/tools/compiler/ti-cgt-msp430_21.6.0.LTS/lib" -i"C:/ti/ccs1200/ccs/tools/compiler/ti-cgt-msp430_21.6.0.LTS/include" --reread_libs --diag_wrap=off --display_error_number --warn_sections --xml_link_info="Interrupts_Keypad_linkInfo.xml" --use_hw_mpy=F5 --rom_model -o "Interrupts_Keypad.out" "./keypad.obj" "../lnk_msp430f5438.cmd"  -llibmath.a -llibc.a 
<Linking>
remark #10372-D: (ULP 4.1) Detected uninitialized Port A in this project. Recommend initializing all unused ports to eliminate wasted current consumption on unused pins.
remark #10372-D: (ULP 4.1) Detected uninitialized Port C in this project. Recommend initializing all unused ports to eliminate wasted current consumption on unused pins.
remark #10372-D: (ULP 4.1) Detected uninitialized Port D in this project. Recommend initializing all unused ports to eliminate wasted current consumption on unused pins.
remark #10372-D: (ULP 4.1) Detected uninitialized Port E in this project. Recommend initializing all unused ports to eliminate wasted current consumption on unused pins.
remark #10372-D: (ULP 4.1) Detected uninitialized Port F in this project. Recommend initializing all unused ports to eliminate wasted current consumption on unused pins.
Finished building target: "Interrupts_Keypad.out"
 

**** Build Finished ****
